# Logfile created on 2014-02-10 21:06:13 -0600 by logger.rb/36483
I, [2014-02-10T21:06:13.446253 #24329]  INFO -- : 0:  blankslate (2.1.2.4) from /Users/davidjohnson/.gem/ruby/2.0.0/specifications/blankslate-2.1.2.4.gemspec
I, [2014-02-10T21:06:13.446569 #24329]  INFO -- : 0:  fast-stemmer (1.0.2) from /Users/davidjohnson/.gem/ruby/2.0.0/specifications/fast-stemmer-1.0.2.gemspec
I, [2014-02-10T21:06:13.446888 #24329]  INFO -- : 0:  classifier (1.3.4) from /Users/davidjohnson/.gem/ruby/2.0.0/specifications/classifier-1.3.4.gemspec
I, [2014-02-10T21:06:13.447113 #24329]  INFO -- : 0:  colorator (0.1) from /Users/davidjohnson/.gem/ruby/2.0.0/specifications/colorator-0.1.gemspec
I, [2014-02-10T21:06:13.447312 #24329]  INFO -- : 0:  highline (1.6.20) from /Users/davidjohnson/.gem/ruby/2.0.0/specifications/highline-1.6.20.gemspec
I, [2014-02-10T21:06:13.447503 #24329]  INFO -- : 0:  commander (4.1.5) from /Users/davidjohnson/.gem/ruby/2.0.0/specifications/commander-4.1.5.gemspec
I, [2014-02-10T21:06:13.447696 #24329]  INFO -- : 0:  ffi (1.9.3) from /Users/davidjohnson/.gem/ruby/2.0.0/specifications/ffi-1.9.3.gemspec
I, [2014-02-10T21:06:14.825863 #24329]  INFO -- : 0:  tilt (2.0.0) from /Users/davidjohnson/.gem/ruby/2.0.0/specifications/tilt-2.0.0.gemspec
I, [2014-02-10T21:06:14.826237 #24329]  INFO -- : 0:  haml (4.0.5) from /Users/davidjohnson/.gem/ruby/2.0.0/specifications/haml-4.0.5.gemspec
I, [2014-02-10T21:06:14.826481 #24329]  INFO -- : 0:  liquid (2.5.5) from /Users/davidjohnson/.gem/ruby/2.0.0/specifications/liquid-2.5.5.gemspec
I, [2014-02-10T21:06:15.204111 #24329]  INFO -- : 0:  rb-fsevent (0.9.4) from /Users/davidjohnson/.gem/ruby/2.0.0/specifications/rb-fsevent-0.9.4.gemspec
I, [2014-02-10T21:06:15.446623 #24329]  INFO -- : 0:  rb-inotify (0.9.3) from /Users/davidjohnson/.gem/ruby/2.0.0/specifications/rb-inotify-0.9.3.gemspec
I, [2014-02-10T21:06:15.446963 #24329]  INFO -- : 0:  rb-kqueue (0.2.0) from /Users/davidjohnson/.gem/ruby/2.0.0/specifications/rb-kqueue-0.2.0.gemspec
I, [2014-02-10T21:06:15.447185 #24329]  INFO -- : 0:  listen (1.3.1) from /Users/davidjohnson/.gem/ruby/2.0.0/specifications/listen-1.3.1.gemspec
I, [2014-02-10T21:06:15.447401 #24329]  INFO -- : 0:  maruku (0.7.1) from /Users/davidjohnson/.gem/ruby/2.0.0/specifications/maruku-0.7.1.gemspec
I, [2014-02-10T21:06:15.447614 #24329]  INFO -- : 0:  posix-spawn (0.3.8) from /Users/davidjohnson/.gem/ruby/2.0.0/specifications/posix-spawn-0.3.8.gemspec
I, [2014-02-10T21:06:15.447824 #24329]  INFO -- : 0:  yajl-ruby (1.1.0) from /Users/davidjohnson/.gem/ruby/2.0.0/specifications/yajl-ruby-1.1.0.gemspec
I, [2014-02-10T21:06:15.448035 #24329]  INFO -- : 0:  pygments.rb (0.5.4) from /Users/davidjohnson/.gem/ruby/2.0.0/specifications/pygments.rb-0.5.4.gemspec
I, [2014-02-10T21:06:15.448245 #24329]  INFO -- : 0:  redcarpet (2.3.0) from /Users/davidjohnson/.gem/ruby/2.0.0/specifications/redcarpet-2.3.0.gemspec
I, [2014-02-10T21:06:15.448458 #24329]  INFO -- : 0:  safe_yaml (0.9.7) from /Users/davidjohnson/.gem/ruby/2.0.0/specifications/safe_yaml-0.9.7.gemspec
I, [2014-02-10T21:06:15.448665 #24329]  INFO -- : 0:  parslet (1.5.0) from /Users/davidjohnson/.gem/ruby/2.0.0/specifications/parslet-1.5.0.gemspec
I, [2014-02-10T21:06:15.448870 #24329]  INFO -- : 0:  toml (0.1.0) from /Users/davidjohnson/.gem/ruby/2.0.0/specifications/toml-0.1.0.gemspec
I, [2014-02-10T21:06:15.449041 #24329]  INFO -- : 0:  jekyll (1.4.3) from /Users/davidjohnson/.gem/ruby/2.0.0/specifications/jekyll-1.4.3.gemspec
I, [2014-02-10T21:06:16.360030 #24329]  INFO -- : 0:  jekyll-haml (0.1.1) from /Users/davidjohnson/.gem/ruby/2.0.0/specifications/jekyll-haml-0.1.1.gemspec
I, [2014-02-10T21:06:16.360349 #24329]  INFO -- : 0:  bundler (1.5.1) from /Users/davidjohnson/.gem/ruby/2.0.0/specifications/bundler-1.5.1.gemspec
I, [2014-02-10T21:07:25.939807 #24376]  INFO -- : 0:  blankslate (2.1.2.4) from /Users/davidjohnson/.gem/ruby/2.0.0/specifications/blankslate-2.1.2.4.gemspec
I, [2014-02-10T21:07:25.940097 #24376]  INFO -- : 0:  fast-stemmer (1.0.2) from /Users/davidjohnson/.gem/ruby/2.0.0/specifications/fast-stemmer-1.0.2.gemspec
I, [2014-02-10T21:07:25.940357 #24376]  INFO -- : 0:  classifier (1.3.4) from /Users/davidjohnson/.gem/ruby/2.0.0/specifications/classifier-1.3.4.gemspec
I, [2014-02-10T21:07:25.940593 #24376]  INFO -- : 0:  colorator (0.1) from /Users/davidjohnson/.gem/ruby/2.0.0/specifications/colorator-0.1.gemspec
I, [2014-02-10T21:07:25.940829 #24376]  INFO -- : 0:  highline (1.6.20) from /Users/davidjohnson/.gem/ruby/2.0.0/specifications/highline-1.6.20.gemspec
I, [2014-02-10T21:07:25.941062 #24376]  INFO -- : 0:  commander (4.1.5) from /Users/davidjohnson/.gem/ruby/2.0.0/specifications/commander-4.1.5.gemspec
I, [2014-02-10T21:07:25.941304 #24376]  INFO -- : 0:  ffi (1.9.3) from /Users/davidjohnson/.gem/ruby/2.0.0/specifications/ffi-1.9.3.gemspec
I, [2014-02-10T21:07:25.941541 #24376]  INFO -- : 0:  tilt (2.0.0) from /Users/davidjohnson/.gem/ruby/2.0.0/specifications/tilt-2.0.0.gemspec
I, [2014-02-10T21:07:25.941780 #24376]  INFO -- : 0:  haml (4.0.5) from /Users/davidjohnson/.gem/ruby/2.0.0/specifications/haml-4.0.5.gemspec
I, [2014-02-10T21:07:25.942014 #24376]  INFO -- : 0:  liquid (2.5.5) from /Users/davidjohnson/.gem/ruby/2.0.0/specifications/liquid-2.5.5.gemspec
I, [2014-02-10T21:07:25.942228 #24376]  INFO -- : 0:  rb-fsevent (0.9.4) from /Users/davidjohnson/.gem/ruby/2.0.0/specifications/rb-fsevent-0.9.4.gemspec
I, [2014-02-10T21:07:25.942422 #24376]  INFO -- : 0:  rb-inotify (0.9.3) from /Users/davidjohnson/.gem/ruby/2.0.0/specifications/rb-inotify-0.9.3.gemspec
I, [2014-02-10T21:07:25.942587 #24376]  INFO -- : 0:  rb-kqueue (0.2.0) from /Users/davidjohnson/.gem/ruby/2.0.0/specifications/rb-kqueue-0.2.0.gemspec
I, [2014-02-10T21:07:25.942752 #24376]  INFO -- : 0:  listen (1.3.1) from /Users/davidjohnson/.gem/ruby/2.0.0/specifications/listen-1.3.1.gemspec
I, [2014-02-10T21:07:25.942913 #24376]  INFO -- : 0:  maruku (0.7.1) from /Users/davidjohnson/.gem/ruby/2.0.0/specifications/maruku-0.7.1.gemspec
I, [2014-02-10T21:07:25.943077 #24376]  INFO -- : 0:  posix-spawn (0.3.8) from /Users/davidjohnson/.gem/ruby/2.0.0/specifications/posix-spawn-0.3.8.gemspec
I, [2014-02-10T21:07:25.943240 #24376]  INFO -- : 0:  yajl-ruby (1.1.0) from /Users/davidjohnson/.gem/ruby/2.0.0/specifications/yajl-ruby-1.1.0.gemspec
I, [2014-02-10T21:07:25.943403 #24376]  INFO -- : 0:  pygments.rb (0.5.4) from /Users/davidjohnson/.gem/ruby/2.0.0/specifications/pygments.rb-0.5.4.gemspec
I, [2014-02-10T21:07:25.943564 #24376]  INFO -- : 0:  redcarpet (2.3.0) from /Users/davidjohnson/.gem/ruby/2.0.0/specifications/redcarpet-2.3.0.gemspec
I, [2014-02-10T21:07:25.943729 #24376]  INFO -- : 0:  safe_yaml (0.9.7) from /Users/davidjohnson/.gem/ruby/2.0.0/specifications/safe_yaml-0.9.7.gemspec
I, [2014-02-10T21:07:25.943889 #24376]  INFO -- : 0:  parslet (1.5.0) from /Users/davidjohnson/.gem/ruby/2.0.0/specifications/parslet-1.5.0.gemspec
I, [2014-02-10T21:07:25.944078 #24376]  INFO -- : 0:  toml (0.1.0) from /Users/davidjohnson/.gem/ruby/2.0.0/specifications/toml-0.1.0.gemspec
I, [2014-02-10T21:07:25.944238 #24376]  INFO -- : 0:  jekyll (1.4.3) from /Users/davidjohnson/.gem/ruby/2.0.0/specifications/jekyll-1.4.3.gemspec
I, [2014-02-10T21:07:25.944398 #24376]  INFO -- : 0:  jekyll-haml (0.1.1) from /Users/davidjohnson/.gem/ruby/2.0.0/specifications/jekyll-haml-0.1.1.gemspec
I, [2014-02-10T21:07:25.944553 #24376]  INFO -- : 0:  bundler (1.5.1) from /Users/davidjohnson/.gem/ruby/2.0.0/specifications/bundler-1.5.1.gemspec
I, [2014-02-10T21:21:37.973424 #25086]  INFO -- : 0:  blankslate (2.1.2.4) from /Users/davidjohnson/.gem/ruby/2.0.0/specifications/blankslate-2.1.2.4.gemspec
I, [2014-02-10T21:21:37.973730 #25086]  INFO -- : 0:  fast-stemmer (1.0.2) from /Users/davidjohnson/.gem/ruby/2.0.0/specifications/fast-stemmer-1.0.2.gemspec
I, [2014-02-10T21:21:37.973974 #25086]  INFO -- : 0:  classifier (1.3.4) from /Users/davidjohnson/.gem/ruby/2.0.0/specifications/classifier-1.3.4.gemspec
I, [2014-02-10T21:21:37.974210 #25086]  INFO -- : 0:  colorator (0.1) from /Users/davidjohnson/.gem/ruby/2.0.0/specifications/colorator-0.1.gemspec
I, [2014-02-10T21:21:37.974453 #25086]  INFO -- : 0:  highline (1.6.20) from /Users/davidjohnson/.gem/ruby/2.0.0/specifications/highline-1.6.20.gemspec
I, [2014-02-10T21:21:37.974693 #25086]  INFO -- : 0:  commander (4.1.5) from /Users/davidjohnson/.gem/ruby/2.0.0/specifications/commander-4.1.5.gemspec
I, [2014-02-10T21:21:37.974937 #25086]  INFO -- : 0:  ffi (1.9.3) from /Users/davidjohnson/.gem/ruby/2.0.0/specifications/ffi-1.9.3.gemspec
I, [2014-02-10T21:21:37.975174 #25086]  INFO -- : 0:  tilt (2.0.0) from /Users/davidjohnson/.gem/ruby/2.0.0/specifications/tilt-2.0.0.gemspec
I, [2014-02-10T21:21:37.975414 #25086]  INFO -- : 0:  haml (4.0.5) from /Users/davidjohnson/.gem/ruby/2.0.0/specifications/haml-4.0.5.gemspec
I, [2014-02-10T21:21:37.975645 #25086]  INFO -- : 0:  liquid (2.5.5) from /Users/davidjohnson/.gem/ruby/2.0.0/specifications/liquid-2.5.5.gemspec
I, [2014-02-10T21:21:37.975853 #25086]  INFO -- : 0:  rb-fsevent (0.9.4) from /Users/davidjohnson/.gem/ruby/2.0.0/specifications/rb-fsevent-0.9.4.gemspec
I, [2014-02-10T21:21:37.976027 #25086]  INFO -- : 0:  rb-inotify (0.9.3) from /Users/davidjohnson/.gem/ruby/2.0.0/specifications/rb-inotify-0.9.3.gemspec
I, [2014-02-10T21:21:37.976193 #25086]  INFO -- : 0:  rb-kqueue (0.2.0) from /Users/davidjohnson/.gem/ruby/2.0.0/specifications/rb-kqueue-0.2.0.gemspec
I, [2014-02-10T21:21:37.976358 #25086]  INFO -- : 0:  listen (1.3.1) from /Users/davidjohnson/.gem/ruby/2.0.0/specifications/listen-1.3.1.gemspec
I, [2014-02-10T21:21:37.976523 #25086]  INFO -- : 0:  maruku (0.7.1) from /Users/davidjohnson/.gem/ruby/2.0.0/specifications/maruku-0.7.1.gemspec
I, [2014-02-10T21:21:37.976685 #25086]  INFO -- : 0:  posix-spawn (0.3.8) from /Users/davidjohnson/.gem/ruby/2.0.0/specifications/posix-spawn-0.3.8.gemspec
I, [2014-02-10T21:21:37.976849 #25086]  INFO -- : 0:  yajl-ruby (1.1.0) from /Users/davidjohnson/.gem/ruby/2.0.0/specifications/yajl-ruby-1.1.0.gemspec
I, [2014-02-10T21:21:37.977002 #25086]  INFO -- : 0:  pygments.rb (0.5.4) from /Users/davidjohnson/.gem/ruby/2.0.0/specifications/pygments.rb-0.5.4.gemspec
I, [2014-02-10T21:21:37.977165 #25086]  INFO -- : 0:  redcarpet (2.3.0) from /Users/davidjohnson/.gem/ruby/2.0.0/specifications/redcarpet-2.3.0.gemspec
I, [2014-02-10T21:21:37.977327 #25086]  INFO -- : 0:  safe_yaml (0.9.7) from /Users/davidjohnson/.gem/ruby/2.0.0/specifications/safe_yaml-0.9.7.gemspec
I, [2014-02-10T21:21:37.977488 #25086]  INFO -- : 0:  parslet (1.5.0) from /Users/davidjohnson/.gem/ruby/2.0.0/specifications/parslet-1.5.0.gemspec
I, [2014-02-10T21:21:37.977651 #25086]  INFO -- : 0:  toml (0.1.0) from /Users/davidjohnson/.gem/ruby/2.0.0/specifications/toml-0.1.0.gemspec
I, [2014-02-10T21:21:37.977804 #25086]  INFO -- : 0:  jekyll (1.4.3) from /Users/davidjohnson/.gem/ruby/2.0.0/specifications/jekyll-1.4.3.gemspec
I, [2014-02-10T21:21:37.977965 #25086]  INFO -- : 0:  jekyll-haml (0.1.1) from /Users/davidjohnson/.gem/ruby/2.0.0/specifications/jekyll-haml-0.1.1.gemspec
I, [2014-02-10T21:21:39.861672 #25086]  INFO -- : 0:  sass (3.2.14) from /Users/davidjohnson/.gem/ruby/2.0.0/specifications/sass-3.2.14.gemspec
I, [2014-02-10T21:21:40.797819 #25086]  INFO -- : 0:  jekyll-sass (1.2.1) from /Users/davidjohnson/.gem/ruby/2.0.0/specifications/jekyll-sass-1.2.1.gemspec
I, [2014-02-10T21:21:40.798197 #25086]  INFO -- : 0:  bundler (1.5.1) from /Users/davidjohnson/.gem/ruby/2.0.0/specifications/bundler-1.5.1.gemspec
I, [2014-02-10T21:22:07.890829 #25145]  INFO -- : 0:  blankslate (2.1.2.4) from /Users/davidjohnson/.gem/ruby/2.0.0/specifications/blankslate-2.1.2.4.gemspec
I, [2014-02-10T21:22:07.891135 #25145]  INFO -- : 0:  fast-stemmer (1.0.2) from /Users/davidjohnson/.gem/ruby/2.0.0/specifications/fast-stemmer-1.0.2.gemspec
I, [2014-02-10T21:22:07.891345 #25145]  INFO -- : 0:  classifier (1.3.4) from /Users/davidjohnson/.gem/ruby/2.0.0/specifications/classifier-1.3.4.gemspec
I, [2014-02-10T21:22:07.891541 #25145]  INFO -- : 0:  colorator (0.1) from /Users/davidjohnson/.gem/ruby/2.0.0/specifications/colorator-0.1.gemspec
I, [2014-02-10T21:22:07.891732 #25145]  INFO -- : 0:  highline (1.6.20) from /Users/davidjohnson/.gem/ruby/2.0.0/specifications/highline-1.6.20.gemspec
I, [2014-02-10T21:22:07.891932 #25145]  INFO -- : 0:  commander (4.1.5) from /Users/davidjohnson/.gem/ruby/2.0.0/specifications/commander-4.1.5.gemspec
I, [2014-02-10T21:22:07.892124 #25145]  INFO -- : 0:  ffi (1.9.3) from /Users/davidjohnson/.gem/ruby/2.0.0/specifications/ffi-1.9.3.gemspec
I, [2014-02-10T21:22:07.892309 #25145]  INFO -- : 0:  tilt (2.0.0) from /Users/davidjohnson/.gem/ruby/2.0.0/specifications/tilt-2.0.0.gemspec
I, [2014-02-10T21:22:07.892495 #25145]  INFO -- : 0:  haml (4.0.5) from /Users/davidjohnson/.gem/ruby/2.0.0/specifications/haml-4.0.5.gemspec
I, [2014-02-10T21:22:07.892676 #25145]  INFO -- : 0:  liquid (2.5.5) from /Users/davidjohnson/.gem/ruby/2.0.0/specifications/liquid-2.5.5.gemspec
I, [2014-02-10T21:22:07.892860 #25145]  INFO -- : 0:  rb-fsevent (0.9.4) from /Users/davidjohnson/.gem/ruby/2.0.0/specifications/rb-fsevent-0.9.4.gemspec
I, [2014-02-10T21:22:07.893044 #25145]  INFO -- : 0:  rb-inotify (0.9.3) from /Users/davidjohnson/.gem/ruby/2.0.0/specifications/rb-inotify-0.9.3.gemspec
I, [2014-02-10T21:22:07.893224 #25145]  INFO -- : 0:  rb-kqueue (0.2.0) from /Users/davidjohnson/.gem/ruby/2.0.0/specifications/rb-kqueue-0.2.0.gemspec
I, [2014-02-10T21:22:07.893404 #25145]  INFO -- : 0:  listen (1.3.1) from /Users/davidjohnson/.gem/ruby/2.0.0/specifications/listen-1.3.1.gemspec
I, [2014-02-10T21:22:07.893582 #25145]  INFO -- : 0:  maruku (0.7.1) from /Users/davidjohnson/.gem/ruby/2.0.0/specifications/maruku-0.7.1.gemspec
I, [2014-02-10T21:22:07.893761 #25145]  INFO -- : 0:  posix-spawn (0.3.8) from /Users/davidjohnson/.gem/ruby/2.0.0/specifications/posix-spawn-0.3.8.gemspec
I, [2014-02-10T21:22:07.893939 #25145]  INFO -- : 0:  yajl-ruby (1.1.0) from /Users/davidjohnson/.gem/ruby/2.0.0/specifications/yajl-ruby-1.1.0.gemspec
I, [2014-02-10T21:22:07.894113 #25145]  INFO -- : 0:  pygments.rb (0.5.4) from /Users/davidjohnson/.gem/ruby/2.0.0/specifications/pygments.rb-0.5.4.gemspec
I, [2014-02-10T21:22:07.894289 #25145]  INFO -- : 0:  redcarpet (2.3.0) from /Users/davidjohnson/.gem/ruby/2.0.0/specifications/redcarpet-2.3.0.gemspec
I, [2014-02-10T21:22:07.894471 #25145]  INFO -- : 0:  safe_yaml (0.9.7) from /Users/davidjohnson/.gem/ruby/2.0.0/specifications/safe_yaml-0.9.7.gemspec
I, [2014-02-10T21:22:07.894649 #25145]  INFO -- : 0:  parslet (1.5.0) from /Users/davidjohnson/.gem/ruby/2.0.0/specifications/parslet-1.5.0.gemspec
I, [2014-02-10T21:22:07.894826 #25145]  INFO -- : 0:  toml (0.1.0) from /Users/davidjohnson/.gem/ruby/2.0.0/specifications/toml-0.1.0.gemspec
I, [2014-02-10T21:22:07.895002 #25145]  INFO -- : 0:  jekyll (1.4.3) from /Users/davidjohnson/.gem/ruby/2.0.0/specifications/jekyll-1.4.3.gemspec
I, [2014-02-10T21:22:07.895178 #25145]  INFO -- : 0:  jekyll-haml (0.1.1) from /Users/davidjohnson/.gem/ruby/2.0.0/specifications/jekyll-haml-0.1.1.gemspec
I, [2014-02-10T21:22:07.895360 #25145]  INFO -- : 0:  sass (3.2.14) from /Users/davidjohnson/.gem/ruby/2.0.0/specifications/sass-3.2.14.gemspec
I, [2014-02-10T21:22:07.895536 #25145]  INFO -- : 0:  jekyll-sass (1.2.1) from /Users/davidjohnson/.gem/ruby/2.0.0/specifications/jekyll-sass-1.2.1.gemspec
I, [2014-02-10T21:22:07.895703 #25145]  INFO -- : 0:  bundler (1.5.1) from /Users/davidjohnson/.gem/ruby/2.0.0/specifications/bundler-1.5.1.gemspec
